2019-10-13 14:10:00,387 INFO o.a.j.u.JMeterUtils: Setting Locale to zh_CN
2019-10-13 14:10:00,402 INFO o.a.j.JMeter: Loading user properties from: user.properties
2019-10-13 14:10:00,403 INFO o.a.j.JMeter: Loading system properties from: system.properties
2019-10-13 14:10:00,403 INFO o.a.j.JMeter: Setting JMeter property: jmeter.save.saveservice.output_format=xml
2019-10-13 14:10:00,408 INFO o.a.j.JMeter: Copyright (c) 1998-2018 The Apache Software Foundation
2019-10-13 14:10:00,408 INFO o.a.j.JMeter: Version 4.0 r1823414
2019-10-13 14:10:00,408 INFO o.a.j.JMeter: java.version=1.8.0_181
2019-10-13 14:10:00,408 INFO o.a.j.JMeter: java.vm.name=Java HotSpot(TM) 64-Bit Server VM
2019-10-13 14:10:00,408 INFO o.a.j.JMeter: os.name=Windows 10
2019-10-13 14:10:00,408 INFO o.a.j.JMeter: os.arch=amd64
2019-10-13 14:10:00,408 INFO o.a.j.JMeter: os.version=10.0
2019-10-13 14:10:00,408 INFO o.a.j.JMeter: file.encoding=GBK
2019-10-13 14:10:00,408 INFO o.a.j.JMeter: Max memory     =1888485376
2019-10-13 14:10:00,408 INFO o.a.j.JMeter: Available Processors =4
2019-10-13 14:10:00,414 INFO o.a.j.JMeter: Default Locale=中文 (中国)
2019-10-13 14:10:00,414 INFO o.a.j.JMeter: JMeter  Locale=中文 (中国)
2019-10-13 14:10:00,414 INFO o.a.j.JMeter: JMeterHome=D:\Jmeter\apache-jmeter-4.0
2019-10-13 14:10:00,414 INFO o.a.j.JMeter: user.dir  =D:\Jmeter\apache-jmeter-4.0\bin
2019-10-13 14:10:00,414 INFO o.a.j.JMeter: PWD       =D:\Jmeter\apache-jmeter-4.0\bin
2019-10-13 14:10:00,417 INFO o.a.j.JMeter: IP: 192.168.1.4 Name: DESKTOP-G5O4O71 FullName: DESKTOP-G5O4O71
2019-10-13 14:10:00,420 INFO o.a.j.s.FileServer: Default base='D:\Jmeter\apache-jmeter-4.0\bin'
2019-10-13 14:10:00,424 INFO o.a.j.s.FileServer: Set new base='D:\Jmeter\apache-jmeter-4.0\test\script'
2019-10-13 14:10:00,529 INFO o.a.j.s.SaveService: Testplan (JMX) version: 2.2. Testlog (JTL) version: 2.2
2019-10-13 14:10:00,541 INFO o.a.j.s.SaveService: Using SaveService properties file encoding UTF-8
2019-10-13 14:10:00,544 INFO o.a.j.s.SaveService: Using SaveService properties version 4.0
2019-10-13 14:10:00,549 INFO o.a.j.s.SaveService: Loading file: D:\Jmeter\apache-jmeter-4.0\test\script\HTTP请求.jmx
2019-10-13 14:10:00,592 INFO o.a.j.p.h.c.CookieManager: Settings: Delete null: true Check: true Allow variable: true Save: false Prefix: COOKIE_
2019-10-13 14:10:00,615 INFO o.a.j.p.h.s.HTTPSamplerBase: Parser for text/html is org.apache.jmeter.protocol.http.parser.LagartoBasedHtmlParser
2019-10-13 14:10:00,616 INFO o.a.j.p.h.s.HTTPSamplerBase: Parser for application/xhtml+xml is org.apache.jmeter.protocol.http.parser.LagartoBasedHtmlParser
2019-10-13 14:10:00,616 INFO o.a.j.p.h.s.HTTPSamplerBase: Parser for application/xml is org.apache.jmeter.protocol.http.parser.LagartoBasedHtmlParser
2019-10-13 14:10:00,616 INFO o.a.j.p.h.s.HTTPSamplerBase: Parser for text/xml is org.apache.jmeter.protocol.http.parser.LagartoBasedHtmlParser
2019-10-13 14:10:00,616 INFO o.a.j.p.h.s.HTTPSamplerBase: Parser for text/vnd.wap.wml is org.apache.jmeter.protocol.http.parser.RegexpHTMLParser
2019-10-13 14:10:00,616 INFO o.a.j.p.h.s.HTTPSamplerBase: Parser for text/css is org.apache.jmeter.protocol.http.parser.CssParser
2019-10-13 14:10:00,648 INFO o.a.j.JMeter: Creating summariser <summary>
2019-10-13 14:10:00,651 INFO o.a.j.e.StandardJMeterEngine: Running the test!
2019-10-13 14:10:00,652 INFO o.a.j.s.SampleEvent: List of sample_variables: []
2019-10-13 14:10:00,652 INFO o.a.j.s.SampleEvent: List of sample_variables: []
2019-10-13 14:10:00,656 INFO o.a.j.e.u.CompoundVariable: Note: Function class names must contain the string: '.functions.'
2019-10-13 14:10:00,656 INFO o.a.j.e.u.CompoundVariable: Note: Function class names must not contain the string: '.gui.'
2019-10-13 14:10:00,971 INFO o.a.j.JMeter: 正在运行的测试 (1570947000971)
2019-10-13 14:10:01,008 INFO o.a.j.e.StandardJMeterEngine: Starting ThreadGroup: 1 : HTTP请求
2019-10-13 14:10:01,008 INFO o.a.j.e.StandardJMeterEngine: Starting 1 threads for group HTTP请求.
2019-10-13 14:10:01,008 INFO o.a.j.e.StandardJMeterEngine: Thread will continue on error
2019-10-13 14:10:01,008 INFO o.a.j.t.ThreadGroup: Starting thread group... number=1 threads=1 ramp-up=1 perThread=1000.0 delayedStart=false
2019-10-13 14:10:01,013 INFO o.a.j.t.ThreadGroup: Started thread group number 1
2019-10-13 14:10:01,013 INFO o.a.j.e.StandardJMeterEngine: Starting ThreadGroup: 2 : 动态参数的获取
2019-10-13 14:10:01,013 INFO o.a.j.e.StandardJMeterEngine: Starting 1 threads for group 动态参数的获取.
2019-10-13 14:10:01,013 INFO o.a.j.e.StandardJMeterEngine: Thread will continue on error
2019-10-13 14:10:01,013 INFO o.a.j.t.ThreadGroup: Starting thread group... number=2 threads=1 ramp-up=1 perThread=1000.0 delayedStart=false
2019-10-13 14:10:01,014 INFO o.a.j.t.ThreadGroup: Started thread group number 2
2019-10-13 14:10:01,014 INFO o.a.j.e.StandardJMeterEngine: Starting ThreadGroup: 3 : HTTP请求默认值详解
2019-10-13 14:10:01,014 INFO o.a.j.e.StandardJMeterEngine: Starting 1 threads for group HTTP请求默认值详解.
2019-10-13 14:10:01,014 INFO o.a.j.e.StandardJMeterEngine: Thread will continue on error
2019-10-13 14:10:01,014 INFO o.a.j.t.ThreadGroup: Starting thread group... number=3 threads=1 ramp-up=1 perThread=1000.0 delayedStart=false
2019-10-13 14:10:01,015 INFO o.a.j.t.ThreadGroup: Started thread group number 3
2019-10-13 14:10:01,015 INFO o.a.j.e.StandardJMeterEngine: Starting ThreadGroup: 4 : 用户定义的变量
2019-10-13 14:10:01,015 INFO o.a.j.e.StandardJMeterEngine: Starting 1 threads for group 用户定义的变量.
2019-10-13 14:10:01,015 INFO o.a.j.t.JMeterThread: Thread started: HTTP请求 1-1
2019-10-13 14:10:01,015 INFO o.a.j.e.StandardJMeterEngine: Thread will continue on error
2019-10-13 14:10:01,014 INFO o.a.j.t.JMeterThread: Thread started: 动态参数的获取 2-1
2019-10-13 14:10:01,015 INFO o.a.j.t.ThreadGroup: Starting thread group... number=4 threads=1 ramp-up=1 perThread=1000.0 delayedStart=false
2019-10-13 14:10:01,015 INFO o.a.j.t.ThreadGroup: Started thread group number 4
2019-10-13 14:10:01,015 INFO o.a.j.e.StandardJMeterEngine: Starting ThreadGroup: 5 : 用户参数
2019-10-13 14:10:01,016 INFO o.a.j.e.StandardJMeterEngine: Starting 4 threads for group 用户参数.
2019-10-13 14:10:01,016 INFO o.a.j.e.StandardJMeterEngine: Thread will continue on error
2019-10-13 14:10:01,016 INFO o.a.j.t.ThreadGroup: Starting thread group... number=5 threads=4 ramp-up=4 perThread=1000.0 delayedStart=false
2019-10-13 14:10:01,015 INFO o.a.j.t.JMeterThread: Thread started: HTTP请求默认值详解 3-1
2019-10-13 14:10:01,016 INFO o.a.j.t.JMeterThread: Thread is done: 动态参数的获取 2-1
2019-10-13 14:10:01,016 INFO o.a.j.t.JMeterThread: Thread finished: 动态参数的获取 2-1
2019-10-13 14:10:01,017 INFO o.a.j.t.ThreadGroup: Started thread group number 5
2019-10-13 14:10:01,017 INFO o.a.j.e.StandardJMeterEngine: Starting ThreadGroup: 6 : 断言
2019-10-13 14:10:01,017 INFO o.a.j.e.StandardJMeterEngine: Starting 1 threads for group 断言.
2019-10-13 14:10:01,017 INFO o.a.j.e.StandardJMeterEngine: Thread will continue on error
2019-10-13 14:10:01,017 INFO o.a.j.t.ThreadGroup: Starting thread group... number=6 threads=1 ramp-up=1 perThread=1000.0 delayedStart=false
2019-10-13 14:10:01,017 INFO o.a.j.t.JMeterThread: Thread started: 用户定义的变量 4-1
2019-10-13 14:10:01,017 INFO o.a.j.t.JMeterThread: Thread is done: 用户定义的变量 4-1
2019-10-13 14:10:01,018 INFO o.a.j.t.ThreadGroup: Started thread group number 6
2019-10-13 14:10:01,018 INFO o.a.j.e.StandardJMeterEngine: All thread groups have been started
2019-10-13 14:10:01,018 INFO o.a.j.t.JMeterThread: Thread finished: 用户定义的变量 4-1
2019-10-13 14:10:01,019 INFO o.a.j.t.JMeterThread: Thread started: 断言 6-1
2019-10-13 14:10:01,021 INFO o.a.j.t.JMeterThread: Thread started: 用户参数 5-1
2019-10-13 14:10:01,032 INFO o.a.j.p.h.s.HTTPHCAbstractImpl: Local host = DESKTOP-G5O4O71
2019-10-13 14:10:01,036 INFO o.a.j.p.h.s.HTTPHC4Impl: HTTP request retry count = 0
2019-10-13 14:10:01,043 INFO o.a.j.s.SampleResult: Note: Sample TimeStamps are START times
2019-10-13 14:10:01,043 INFO o.a.j.s.SampleResult: sampleresult.default.encoding is set to ISO-8859-1
2019-10-13 14:10:01,043 INFO o.a.j.s.SampleResult: sampleresult.useNanoTime=true
2019-10-13 14:10:01,043 INFO o.a.j.s.SampleResult: sampleresult.nanoThreadSleep=5000
2019-10-13 14:10:01,101 INFO o.a.j.p.h.s.LazySchemeSocketFactory: Setting up HTTPS TrustAll Socket Factory
2019-10-13 14:10:01,107 INFO o.a.j.u.JsseSSLManager: Using default SSL protocol: TLS
2019-10-13 14:10:01,107 INFO o.a.j.u.JsseSSLManager: SSL session context: per-thread
2019-10-13 14:10:01,218 INFO o.a.j.r.Summariser: summary +      1 in 00:00:00 =    4.1/s Avg:   142 Min:   142 Max:   142 Err:     0 (0.00%) Active: 4 Started: 6 Finished: 2
2019-10-13 14:10:01,218 INFO o.a.j.t.JMeterThread: Thread is done: 用户参数 5-1
2019-10-13 14:10:01,218 INFO o.a.j.t.JMeterThread: Thread finished: 用户参数 5-1
2019-10-13 14:10:01,325 INFO o.a.j.t.JMeterThread: Thread is done: HTTP请求默认值详解 3-1
2019-10-13 14:10:01,325 INFO o.a.j.t.JMeterThread: Thread finished: HTTP请求默认值详解 3-1
2019-10-13 14:10:01,840 INFO o.a.j.p.h.s.HTTPJavaImpl: Maximum connection retries = 0
2019-10-13 14:10:01,883 INFO o.a.j.u.SSLManager: JmeterKeyStore Location:  type JKS
2019-10-13 14:10:01,884 INFO o.a.j.u.SSLManager: KeyStore created OK
2019-10-13 14:10:01,884 WARN o.a.j.u.SSLManager: Keystore file not found, loading empty keystore
2019-10-13 14:10:02,021 INFO o.a.j.t.JMeterThread: Thread started: 用户参数 5-2
2019-10-13 14:10:02,039 INFO o.a.j.t.JMeterThread: Thread is done: HTTP请求 1-1
2019-10-13 14:10:02,039 INFO o.a.j.t.JMeterThread: Thread finished: HTTP请求 1-1
2019-10-13 14:10:02,108 INFO o.a.j.t.JMeterThread: Thread is done: 用户参数 5-2
2019-10-13 14:10:02,108 INFO o.a.j.t.JMeterThread: Thread finished: 用户参数 5-2
2019-10-13 14:10:02,180 INFO o.a.j.t.JMeterThread: Thread is done: 断言 6-1
2019-10-13 14:10:02,180 INFO o.a.j.t.JMeterThread: Thread finished: 断言 6-1
2019-10-13 14:10:03,020 INFO o.a.j.t.JMeterThread: Thread started: 用户参数 5-3
2019-10-13 14:10:03,109 INFO o.a.j.t.JMeterThread: Thread is done: 用户参数 5-3
2019-10-13 14:10:03,109 INFO o.a.j.t.JMeterThread: Thread finished: 用户参数 5-3
2019-10-13 14:10:04,021 INFO o.a.j.t.JMeterThread: Thread started: 用户参数 5-4
2019-10-13 14:10:04,107 INFO o.a.j.t.JMeterThread: Thread is done: 用户参数 5-4
2019-10-13 14:10:04,107 INFO o.a.j.t.JMeterThread: Thread finished: 用户参数 5-4
2019-10-13 14:10:04,108 INFO o.a.j.e.StandardJMeterEngine: Notifying test listeners of end of test
2019-10-13 14:10:04,108 INFO o.a.j.r.Summariser: summary +     11 in 00:00:03 =    3.8/s Avg:   232 Min:    56 Max:  1114 Err:     4 (36.36%) Active: 0 Started: 9 Finished: 9
2019-10-13 14:10:04,108 INFO o.a.j.r.Summariser: summary =     12 in 00:00:03 =    3.8/s Avg:   225 Min:    56 Max:  1114 Err:     4 (33.33%)
